/* Log generated by MTK SP DrvGen Version 03.13.6;
 Log Time is Mon Aug 18 13:32:20 2014
 */
open operater parse MT6575_NP.fig OK!
Edit operater parse .cmp file OK!
open operater parse MT6575_NP.fig OK!
Edit operater parse .cmp file OK!
Edit operater parse .cmp file OK!
Gencode operater parse .cmp file OK!
open operater parse MT6575_NP.fig OK!
Edit operater parse .cmp file OK!
Gencode operater parse .cmp file OK!
Edit operater parse .cmp file OK!
Edit operater parse .cmp file OK!
Edit operater parse .cmp file OK!
open operater parse MT6575_NP.fig OK!
Edit operater parse .cmp file OK!
Gencode operater parse .cmp file OK!
Gencode operater parse .cmp file OK!
open operater parse MT6575_NP.fig OK!
Edit operater parse .cmp file OK!
Gencode operater parse .cmp file OK!
Gencode operater parse .cmp file OK!
open operater parse MT6575_NP.fig OK!
Edit operater parse .cmp file OK!
open operater parse MT6575_NP.fig OK!
Edit operater parse .cmp file OK!
